<?xml version="1.0" encoding="UTF-8"?>
<!-- Generated by org.testng.reporters.JUnitReportReporter -->
<testsuite skipped="0" hostname="DESKTOP-832HV3U" name="basicAnnotations.TestClass2" tests="4" failures="0" timestamp="21 Jul 2019 06:27:25 GMT" time="0.015" errors="0">
  <testcase name="testcase2" time="0.000" classname="basicAnnotations.TestClass2"/>
  <testcase name="testcase3" time="0.000" classname="basicAnnotations.TestClass2"/>
  <testcase name="testcase2" time="0.015" classname="basicAnnotations.TestClass2"/>
  <testcase name="testcase1" time="0.000" classname="basicAnnotations.TestClass2"/>
</testsuite> <!-- basicAnnotations.TestClass2 -->
