<?xml version="1.0" encoding="UTF-8"?>
<!-- Generated by org.testng.reporters.JUnitReportReporter -->
<testsuite skipped="0" hostname="DESKTOP-832HV3U" name="logicTest.dataproviderconcept" tests="9" failures="0" timestamp="21 Jul 2019 07:15:34 GMT" time="0.050" errors="0">
  <testcase name="LoginTest" time="0.000" classname="logicTest.dataproviderconcept"/>
  <testcase name="LoginTest" time="0.000" classname="logicTest.dataproviderconcept"/>
  <testcase name="LoginTest" time="0.000" classname="logicTest.dataproviderconcept"/>
  <testcase name="LoginTest" time="0.000" classname="logicTest.dataproviderconcept"/>
  <testcase name="LoginTest" time="0.016" classname="logicTest.dataproviderconcept"/>
  <testcase name="LoginTest" time="0.016" classname="logicTest.dataproviderconcept"/>
  <testcase name="LoginTest" time="0.018" classname="logicTest.dataproviderconcept"/>
  <testcase name="LoginTest" time="0.000" classname="logicTest.dataproviderconcept"/>
  <testcase name="LoginTest" time="0.000" classname="logicTest.dataproviderconcept"/>
</testsuite> <!-- logicTest.dataproviderconcept -->
